<?xml version="1.0" encoding="UTF-8"?>
<testng-results retried="1" ignored="1" total="7" passed="4" failed="1" skipped="0">
  <reporter-output>
  </reporter-output>
  <suite started-at="2025-03-10T16:25:46 IST" name="Suite" finished-at="2025-03-10T16:26:09 IST" duration-ms="23082">
    <groups>
      <group name="ErrorHandling">
        <method signature="ErrorValidationTest.loginValidation()[pri:0, instance:test.ErrorValidationTest@704deff2]" name="loginValidation" class="test.ErrorValidationTest"/>
      </group> <!-- ErrorHandling -->
      <group name="purchase">
        <method signature="SubmitOrderTest.submitOrder(java.util.HashMap)[pri:0, instance:test.SubmitOrderTest@19976a65]" name="submitOrder" class="test.SubmitOrderTest"/>
      </group> <!-- purchase -->
    </groups>
    <test started-at="2025-03-10T16:25:46 IST" name="Error validation Test" finished-at="2025-03-10T16:26:08 IST" duration-ms="21569">
      <class name="test.ErrorValidationTest">
        <test-method is-config="true" signature="launchApplication()[pri:0, instance:test.ErrorValidationTest@704deff2]" started-at="2025-03-10T16:25:46 IST" name="launchApplication" finished-at="2025-03-10T16:25:52 IST" duration-ms="5659" status="PASS">
          <reporter-output>
          </reporter-output>
        </test-method> <!-- launchApplication -->
        <test-method retried="true" signature="loginValidation()[pri:0, instance:test.ErrorValidationTest@704deff2]" started-at="2025-03-10T16:25:52 IST" name="loginValidation" finished-at="2025-03-10T16:25:53 IST" duration-ms="1251" status="SKIP">
          <exception class="java.lang.AssertionError">
            <message>
              <![CDATA[expected:<Incorrect email or password.> but was:<Incorrect email password.>]]>
            </message>
            <full-stacktrace>
              <![CDATA[java.lang.AssertionError: expected:<Incorrect email or password.> but was:<Incorrect email password.>
at org.testng.AssertJUnit.assertEquals(AssertJUnit.java:115)
at org.testng.AssertJUnit.assertEquals(AssertJUnit.java:125)
at test.ErrorValidationTest.loginValidation(ErrorValidationTest.java:26)
at java.base/jdk.internal.reflect.DirectMethodHandleAccessor.invoke(DirectMethodHandleAccessor.java:103)
at java.base/java.lang.reflect.Method.invoke(Method.java:580)
at org.testng.internal.invokers.MethodInvocationHelper.invokeMethod(MethodInvocationHelper.java:141)
at org.testng.internal.invokers.TestInvoker.invokeMethod(TestInvoker.java:686)
at org.testng.internal.invokers.TestInvoker.invokeTestMethod(TestInvoker.java:230)
at org.testng.internal.invokers.MethodRunner.runInSequence(MethodRunner.java:63)
at org.testng.internal.invokers.TestInvoker$MethodInvocationAgent.invoke(TestInvoker.java:992)
at org.testng.internal.invokers.TestInvoker.invokeTestMethods(TestInvoker.java:203)
at org.testng.internal.invokers.TestMethodWorker.invokeTestMethods(TestMethodWorker.java:154)
at org.testng.internal.invokers.TestMethodWorker.run(TestMethodWorker.java:134)
at java.base/java.util.ArrayList.forEach(ArrayList.java:1597)
at org.testng.TestRunner.privateRun(TestRunner.java:739)
at org.testng.TestRunner.run(TestRunner.java:614)
at org.testng.SuiteRunner.runTest(SuiteRunner.java:421)
at org.testng.SuiteRunner$SuiteWorker.run(SuiteRunner.java:463)
at org.testng.internal.thread.ThreadUtil.lambda$execute$0(ThreadUtil.java:64)
at java.base/java.util.concurrent.FutureTask.run(FutureTask.java:317)
at java.base/java.util.concurrent.ThreadPoolExecutor.runWorker(ThreadPoolExecutor.java:1144)
at java.base/java.util.concurrent.ThreadPoolExecutor$Worker.run(ThreadPoolExecutor.java:642)
at java.base/java.lang.Thread.run(Thread.java:1575)
]]>
            </full-stacktrace>
          </exception> <!-- java.lang.AssertionError -->
          <reporter-output>
          </reporter-output>
        </test-method> <!-- loginValidation -->
        <test-method is-config="true" signature="closeBrowser()[pri:0, instance:test.ErrorValidationTest@704deff2]" started-at="2025-03-10T16:25:53 IST" name="closeBrowser" finished-at="2025-03-10T16:25:53 IST" duration-ms="177" status="PASS">
          <reporter-output>
          </reporter-output>
        </test-method> <!-- closeBrowser -->
        <test-method is-config="true" signature="launchApplication()[pri:0, instance:test.ErrorValidationTest@704deff2]" started-at="2025-03-10T16:25:53 IST" name="launchApplication" finished-at="2025-03-10T16:25:58 IST" duration-ms="4886" status="PASS">
          <reporter-output>
          </reporter-output>
        </test-method> <!-- launchApplication -->
        <test-method signature="loginValidation()[pri:0, instance:test.ErrorValidationTest@704deff2]" started-at="2025-03-10T16:25:58 IST" name="loginValidation" finished-at="2025-03-10T16:25:59 IST" duration-ms="1156" status="FAIL">
          <exception class="java.lang.AssertionError">
            <message>
              <![CDATA[expected:<Incorrect email or password.> but was:<Incorrect email password.>]]>
            </message>
            <full-stacktrace>
              <![CDATA[java.lang.AssertionError: expected:<Incorrect email or password.> but was:<Incorrect email password.>
at org.testng.AssertJUnit.assertEquals(AssertJUnit.java:115)
at org.testng.AssertJUnit.assertEquals(AssertJUnit.java:125)
at test.ErrorValidationTest.loginValidation(ErrorValidationTest.java:26)
at java.base/jdk.internal.reflect.DirectMethodHandleAccessor.invoke(DirectMethodHandleAccessor.java:103)
at java.base/java.lang.reflect.Method.invoke(Method.java:580)
at org.testng.internal.invokers.MethodInvocationHelper.invokeMethod(MethodInvocationHelper.java:141)
at org.testng.internal.invokers.TestInvoker.invokeMethod(TestInvoker.java:686)
at org.testng.internal.invokers.TestInvoker.retryFailed(TestInvoker.java:269)
at org.testng.internal.invokers.MethodRunner.runInSequence(MethodRunner.java:76)
at org.testng.internal.invokers.TestInvoker$MethodInvocationAgent.invoke(TestInvoker.java:992)
at org.testng.internal.invokers.TestInvoker.invokeTestMethods(TestInvoker.java:203)
at org.testng.internal.invokers.TestMethodWorker.invokeTestMethods(TestMethodWorker.java:154)
at org.testng.internal.invokers.TestMethodWorker.run(TestMethodWorker.java:134)
at java.base/java.util.ArrayList.forEach(ArrayList.java:1597)
at org.testng.TestRunner.privateRun(TestRunner.java:739)
at org.testng.TestRunner.run(TestRunner.java:614)
at org.testng.SuiteRunner.runTest(SuiteRunner.java:421)
at org.testng.SuiteRunner$SuiteWorker.run(SuiteRunner.java:463)
at org.testng.internal.thread.ThreadUtil.lambda$execute$0(ThreadUtil.java:64)
at java.base/java.util.concurrent.FutureTask.run(FutureTask.java:317)
at java.base/java.util.concurrent.ThreadPoolExecutor.runWorker(ThreadPoolExecutor.java:1144)
at java.base/java.util.concurrent.ThreadPoolExecutor$Worker.run(ThreadPoolExecutor.java:642)
at java.base/java.lang.Thread.run(Thread.java:1575)
]]>
            </full-stacktrace>
          </exception> <!-- java.lang.AssertionError -->
          <reporter-output>
          </reporter-output>
        </test-method> <!-- loginValidation -->
        <test-method is-config="true" signature="closeBrowser()[pri:0, instance:test.ErrorValidationTest@704deff2]" started-at="2025-03-10T16:26:00 IST" name="closeBrowser" finished-at="2025-03-10T16:26:00 IST" duration-ms="240" status="PASS">
          <reporter-output>
          </reporter-output>
        </test-method> <!-- closeBrowser -->
        <test-method is-config="true" signature="launchApplication()[pri:0, instance:test.ErrorValidationTest@704deff2]" started-at="2025-03-10T16:26:00 IST" name="launchApplication" finished-at="2025-03-10T16:26:05 IST" duration-ms="4781" status="PASS">
          <reporter-output>
          </reporter-output>
        </test-method> <!-- launchApplication -->
        <test-method signature="productValidation()[pri:0, instance:test.ErrorValidationTest@704deff2]" started-at="2025-03-10T16:26:05 IST" name="productValidation" finished-at="2025-03-10T16:26:07 IST" duration-ms="2306" status="PASS">
          <reporter-output>
          </reporter-output>
        </test-method> <!-- productValidation -->
        <test-method is-config="true" signature="closeBrowser()[pri:0, instance:test.ErrorValidationTest@704deff2]" started-at="2025-03-10T16:26:07 IST" name="closeBrowser" finished-at="2025-03-10T16:26:08 IST" duration-ms="263" status="PASS">
          <reporter-output>
          </reporter-output>
        </test-method> <!-- closeBrowser -->
      </class> <!-- test.ErrorValidationTest -->
    </test> <!-- Error validation Test -->
    <test started-at="2025-03-10T16:25:46 IST" name="Submit order Test" finished-at="2025-03-10T16:26:09 IST" duration-ms="23082">
      <class name="test.SubmitOrderTest">
        <test-method is-config="true" signature="launchApplication()[pri:0, instance:test.SubmitOrderTest@19976a65]" started-at="2025-03-10T16:25:46 IST" name="launchApplication" finished-at="2025-03-10T16:25:52 IST" duration-ms="5484" status="PASS">
          <reporter-output>
          </reporter-output>
        </test-method> <!-- launchApplication -->
        <test-method signature="submitOrder(java.util.HashMap)[pri:0, instance:test.SubmitOrderTest@19976a65]" started-at="2025-03-10T16:25:52 IST" name="submitOrder" data-provider="getData" finished-at="2025-03-10T16:25:55 IST" duration-ms="3640" status="PASS">
          <params>
            <param index="0">
              <value>
                <![CDATA[{password=Welcome1@, product=ZARA COAT 3, email=supriya@test1.com}]]>
              </value>
            </param>
          </params>
          <reporter-output>
          </reporter-output>
        </test-method> <!-- submitOrder -->
        <test-method is-config="true" signature="closeBrowser()[pri:0, instance:test.SubmitOrderTest@19976a65]" started-at="2025-03-10T16:25:55 IST" name="closeBrowser" finished-at="2025-03-10T16:25:56 IST" duration-ms="226" status="PASS">
          <reporter-output>
          </reporter-output>
        </test-method> <!-- closeBrowser -->
        <test-method is-config="true" signature="launchApplication()[pri:0, instance:test.SubmitOrderTest@19976a65]" started-at="2025-03-10T16:25:56 IST" name="launchApplication" finished-at="2025-03-10T16:26:00 IST" duration-ms="4168" status="PASS">
          <reporter-output>
          </reporter-output>
        </test-method> <!-- launchApplication -->
        <test-method signature="submitOrder(java.util.HashMap)[pri:0, instance:test.SubmitOrderTest@19976a65]" started-at="2025-03-10T16:26:00 IST" name="submitOrder" data-provider="getData" finished-at="2025-03-10T16:26:04 IST" duration-ms="3754" status="PASS">
          <params>
            <param index="0">
              <value>
                <![CDATA[{password=Welcome1@, product=ADIDAS ORIGINAL, email=supriya@test1.com}]]>
              </value>
            </param>
          </params>
          <reporter-output>
          </reporter-output>
        </test-method> <!-- submitOrder -->
        <test-method is-config="true" signature="closeBrowser()[pri:0, instance:test.SubmitOrderTest@19976a65]" started-at="2025-03-10T16:26:04 IST" name="closeBrowser" finished-at="2025-03-10T16:26:04 IST" duration-ms="231" status="PASS">
          <reporter-output>
          </reporter-output>
        </test-method> <!-- closeBrowser -->
        <test-method is-config="true" signature="launchApplication()[pri:0, instance:test.SubmitOrderTest@19976a65]" started-at="2025-03-10T16:26:04 IST" name="launchApplication" finished-at="2025-03-10T16:26:08 IST" duration-ms="4092" status="PASS">
          <reporter-output>
          </reporter-output>
        </test-method> <!-- launchApplication -->
        <test-method signature="verifyOrderHistory()[pri:0, instance:test.SubmitOrderTest@19976a65]" started-at="2025-03-10T16:26:08 IST" name="verifyOrderHistory" finished-at="2025-03-10T16:26:09 IST" depends-on-methods="test.SubmitOrderTest.submitOrder" duration-ms="1049" status="PASS">
          <reporter-output>
          </reporter-output>
        </test-method> <!-- verifyOrderHistory -->
        <test-method is-config="true" signature="closeBrowser()[pri:0, instance:test.SubmitOrderTest@19976a65]" started-at="2025-03-10T16:26:09 IST" name="closeBrowser" finished-at="2025-03-10T16:26:09 IST" duration-ms="180" status="PASS">
          <reporter-output>
          </reporter-output>
        </test-method> <!-- closeBrowser -->
      </class> <!-- test.SubmitOrderTest -->
    </test> <!-- Submit order Test -->
  </suite> <!-- Suite -->
</testng-results>
